<?xml version="1.0" encoding="UTF-8"?>
<!-- Generated by org.testng.reporters.JUnitXMLReporter -->
<testsuite hostname="TJ-LP-175" name="Test Cases" tests="5" failures="0" timestamp="11 Oct 2019 09:18:55 GMT" time="94.715" errors="0">
  <testcase name="destinationClick" time="10.835" classname="AutomationFramework.testcases.HomePageTest"/>
  <testcase name="homePageValidation" time="0.183" classname="AutomationFramework.testcases.HomePageTest"/>
  <testcase name="loginPageValidation" time="2.279" classname="AutomationFramework.testcases.LoginPageTest"/>
  <testcase name="loginPageValidation" time="2.259" classname="AutomationFramework.testcases.LoginPageTest"/>
  <testcase name="destinationClick" time="2.225" classname="AutomationFramework.testcases.DestinationPageTest"/>
</testsuite> <!-- Test Cases -->
